
Thu Jul 16 2015 17:10:22 GMT-0500 (CDT)

Operating System
  Name                        = Mac OS X
  Version                     = 10.10.4
  Architecture                = 64bit
  # CPUs                      = 8
  Memory                      = 17179869184

Node.js
  Node.js Version             = 0.12.4
  npm Version                 = 2.10.1

Titanium CLI
  CLI Version                 = 4.0.1

Titanium SDK
  SDK Version                 = 4.1.0.GA
  SDK Path                    = /Users/pcapp/Library/Application Support/Titanium/mobilesdk/osx/4.1.0.GA
  Target Platform             = iphone

Command
  /usr/local/Cellar/node/0.12.4/bin/node /Users/pcapp/.appcelerator/install/4.1.0/package/node_modules/appc-cli-titanium/node_modules/titanium/bin/titanium build --platform ios --log-level trace --sdk 4.1.0.GA --project-dir /Users/pcapp/Repositories/Flight --target simulator --ios-version 8.4 --device-family universal --deploy-type development --sim-type iphone --sim-version 8.4 --device-id BAC3C37D-77FA-4839-AEC0-9B7314247D84 --skip-js-minify --no-colors --no-progress-bars --no-prompt --prompt-type socket-bundle --prompt-port 60302 --username petecapp@gmail.com --password bamboo81 --plugin-paths /Users/pcapp/.appcelerator/install/4.1.0/package/node_modules --config-file /var/folders/t0/7dn9bbrn3q7bbhtlr2q4vdfx80xpn5/T/build-1437084619979.json --no-banner

[DEBUG]  Detecting modules in /Users/pcapp/Library/Application Support/Titanium/modules
[DEBUG]  Detected android module: com.appcelerator.apm 1.1.1 @ /Users/pcapp/Library/Application Support/Titanium/modules/android/com.appcelerator.apm/1.1.1
[DEBUG]  Detected android module: facebook 4.0.5 @ /Users/pcapp/Library/Application Support/Titanium/modules/android/facebook/4.0.5
[DEBUG]  Detected android module: ti.cloudpush 3.3.8 @ /Users/pcapp/Library/Application Support/Titanium/modules/android/ti.cloudpush/3.3.8
[DEBUG]  Detected android module: ti.map 2.3.1 @ /Users/pcapp/Library/Application Support/Titanium/modules/android/ti.map/2.3.1
[DEBUG]  Detected commonjs module: ti.cloud 3.2.9 @ /Users/pcapp/Library/Application Support/Titanium/modules/commonjs/ti.cloud/3.2.9
[DEBUG]  Detected iphone module: com.appcelerator.apm 1.1.1 @ /Users/pcapp/Library/Application Support/Titanium/modules/iphone/com.appcelerator.apm/1.1.1
[DEBUG]  Detected iphone module: com.appcelerator.urlSession 1.1.1 @ /Users/pcapp/Library/Application Support/Titanium/modules/iphone/com.appcelerator.urlSession/1.1.1
[DEBUG]  Detected iphone module: facebook 4.0.5 @ /Users/pcapp/Library/Application Support/Titanium/modules/iphone/facebook/4.0.5
[DEBUG]  Detected iphone module: ti.coremotion 1.1.0 @ /Users/pcapp/Library/Application Support/Titanium/modules/iphone/ti.coremotion/1.1.0
[DEBUG]  Detected iphone module: ti.map 2.3.1 @ /Users/pcapp/Library/Application Support/Titanium/modules/iphone/ti.map/2.3.1
[DEBUG]  Detected iphone module: ti.touchid 1.1.0 @ /Users/pcapp/Library/Application Support/Titanium/modules/iphone/ti.touchid/1.1.0
[DEBUG]  Looking for Titanium module id=ti.map version=latest platform=iphone deploy-type=development
[INFO]   Found Titanium module id=ti.map version=2.3.1 platform=iphone deploy-type=development path=/Users/pcapp/Library/Application Support/Titanium/modules/iphone/ti.map/2.3.1
[DEBUG]  No project level plugins to load
[DEBUG]  Titanium SDK iOS directory: /Users/pcapp/Library/Application Support/Titanium/mobilesdk/osx/4.1.0.GA/iphone
[INFO]   Deploy type: development
[INFO]   Building for target: simulator
[INFO]   Building using iOS SDK: 8.4
[INFO]   Building for iOS Simulator: iPhone 5
[DEBUG]  UDID: BAC3C37D-77FA-4839-AEC0-9B7314247D84
[DEBUG]  Simulator type: iphone
[DEBUG]  Simulator version: 8.4
[INFO]   Building for device family: universal
[DEBUG]  Setting Xcode target to Debug
[DEBUG]  Setting Xcode build OS to iphonesimulator8.4
[DEBUG]  Xcode installation: /Applications/Xcode.app/Contents/Developer
[DEBUG]  iOS WWDR certificate: installed
[INFO]   Minimum iOS version: 7.0
[INFO]   Debugging disabled
[INFO]   Profiler disabled
[INFO]   Initiating prepare phase
[INFO]   Updating Xcode project configuration: project.xcconfig
[DEBUG]  Setting Info.plist CFBundleVersion to 1.0
[DEBUG]  Setting Info.plist CFBundleShortVersionString to 1.0
[INFO]   Initiating Xcode pre-compile phase
[DEBUG]  Ignoring /Users/pcapp/Repositories/Flight/Resources/.DS_Store
[DEBUG]  Symlinking /Users/pcapp/Repositories/Flight/Resources/KS_nav_ui.png => /Users/pcapp/Repositories/Flight/build/iphone/build/Debug-iphonesimulator/Flight.app/KS_nav_ui.png
[DEBUG]  Symlinking /Users/pcapp/Repositories/Flight/Resources/KS_nav_views.png => /Users/pcapp/Repositories/Flight/build/iphone/build/Debug-iphonesimulator/Flight.app/KS_nav_views.png
[DEBUG]  Copying /Users/pcapp/Repositories/Flight/Resources/_default_app_logo.png => /Users/pcapp/Repositories/Flight/build/iphone/build/Debug-iphonesimulator/Flight.app/_default_app_logo.png
[DEBUG]  Ignoring /Users/pcapp/Repositories/Flight/Resources/android
[DEBUG]  Copying /Users/pcapp/Repositories/Flight/Resources/default_app_logo.png => /Users/pcapp/Repositories/Flight/build/iphone/build/Debug-iphonesimulator/Flight.app/default_app_logo.png
[DEBUG]  Copying /Users/pcapp/Repositories/Flight/Resources/default_app_logo@2x.png => /Users/pcapp/Repositories/Flight/build/iphone/build/Debug-iphonesimulator/Flight.app/default_app_logo@2x.png
[DEBUG]  Ignoring /Users/pcapp/Repositories/Flight/Resources/images/.DS_Store
[DEBUG]  Symlinking /Users/pcapp/Repositories/Flight/Resources/images/annotations/rocket-landing.jpg => /Users/pcapp/Repositories/Flight/build/iphone/build/Debug-iphonesimulator/Flight.app/images/annotations/rocket-landing.jpg
[DEBUG]  Symlinking /Users/pcapp/Repositories/Flight/Resources/images/annotations/rocket-landing.png => /Users/pcapp/Repositories/Flight/build/iphone/build/Debug-iphonesimulator/Flight.app/images/annotations/rocket-landing.png
[DEBUG]  Symlinking /Users/pcapp/Repositories/Flight/Resources/images/background.png => /Users/pcapp/Repositories/Flight/build/iphone/build/Debug-iphonesimulator/Flight.app/images/background.png
[DEBUG]  Symlinking /Users/pcapp/Repositories/Flight/Resources/images/background@2x.png => /Users/pcapp/Repositories/Flight/build/iphone/build/Debug-iphonesimulator/Flight.app/images/background@2x.png
[DEBUG]  Symlinking /Users/pcapp/Repositories/Flight/Resources/images/btn-login-over.png => /Users/pcapp/Repositories/Flight/build/iphone/build/Debug-iphonesimulator/Flight.app/images/btn-login-over.png
[DEBUG]  Symlinking /Users/pcapp/Repositories/Flight/Resources/images/btn-login-over@2x.png => /Users/pcapp/Repositories/Flight/build/iphone/build/Debug-iphonesimulator/Flight.app/images/btn-login-over@2x.png
[DEBUG]  Symlinking /Users/pcapp/Repositories/Flight/Resources/images/btn-login.png => /Users/pcapp/Repositories/Flight/build/iphone/build/Debug-iphonesimulator/Flight.app/images/btn-login.png
[DEBUG]  Symlinking /Users/pcapp/Repositories/Flight/Resources/images/btn-login@2x.png => /Users/pcapp/Repositories/Flight/build/iphone/build/Debug-iphonesimulator/Flight.app/images/btn-login@2x.png
[DEBUG]  Symlinking /Users/pcapp/Repositories/Flight/Resources/images/btn-signup-over.png => /Users/pcapp/Repositories/Flight/build/iphone/build/Debug-iphonesimulator/Flight.app/images/btn-signup-over.png
[DEBUG]  Symlinking /Users/pcapp/Repositories/Flight/Resources/images/btn-signup-over@2x.png => /Users/pcapp/Repositories/Flight/build/iphone/build/Debug-iphonesimulator/Flight.app/images/btn-signup-over@2x.png
[DEBUG]  Symlinking /Users/pcapp/Repositories/Flight/Resources/images/btn-signup.png => /Users/pcapp/Repositories/Flight/build/iphone/build/Debug-iphonesimulator/Flight.app/images/btn-signup.png
[DEBUG]  Symlinking /Users/pcapp/Repositories/Flight/Resources/images/btn-signup@2x.png => /Users/pcapp/Repositories/Flight/build/iphone/build/Debug-iphonesimulator/Flight.app/images/btn-signup@2x.png
[DEBUG]  Symlinking /Users/pcapp/Repositories/Flight/Resources/images/compass/arrow.png => /Users/pcapp/Repositories/Flight/build/iphone/build/Debug-iphonesimulator/Flight.app/images/compass/arrow.png
[DEBUG]  Symlinking /Users/pcapp/Repositories/Flight/Resources/images/compass/arrow@2x.png => /Users/pcapp/Repositories/Flight/build/iphone/build/Debug-iphonesimulator/Flight.app/images/compass/arrow@2x.png
[DEBUG]  Symlinking /Users/pcapp/Repositories/Flight/Resources/images/compass/dial.png => /Users/pcapp/Repositories/Flight/build/iphone/build/Debug-iphonesimulator/Flight.app/images/compass/dial.png
[DEBUG]  Symlinking /Users/pcapp/Repositories/Flight/Resources/images/compass/dial@2x.png => /Users/pcapp/Repositories/Flight/build/iphone/build/Debug-iphonesimulator/Flight.app/images/compass/dial@2x.png
[DEBUG]  Symlinking /Users/pcapp/Repositories/Flight/Resources/images/gps-icon.png => /Users/pcapp/Repositories/Flight/build/iphone/build/Debug-iphonesimulator/Flight.app/images/gps-icon.png
[DEBUG]  Symlinking /Users/pcapp/Repositories/Flight/Resources/images/gps-icon@2x.png => /Users/pcapp/Repositories/Flight/build/iphone/build/Debug-iphonesimulator/Flight.app/images/gps-icon@2x.png
[DEBUG]  Symlinking /Users/pcapp/Repositories/Flight/Resources/images/gray-bg.png => /Users/pcapp/Repositories/Flight/build/iphone/build/Debug-iphonesimulator/Flight.app/images/gray-bg.png
[DEBUG]  Symlinking /Users/pcapp/Repositories/Flight/Resources/images/gray-bg@2x.png => /Users/pcapp/Repositories/Flight/build/iphone/build/Debug-iphonesimulator/Flight.app/images/gray-bg@2x.png
[DEBUG]  Symlinking /Users/pcapp/Repositories/Flight/Resources/images/icon-add.png => /Users/pcapp/Repositories/Flight/build/iphone/build/Debug-iphonesimulator/Flight.app/images/icon-add.png
[DEBUG]  Symlinking /Users/pcapp/Repositories/Flight/Resources/images/icon-add@2x.png => /Users/pcapp/Repositories/Flight/build/iphone/build/Debug-iphonesimulator/Flight.app/images/icon-add@2x.png
[DEBUG]  Symlinking /Users/pcapp/Repositories/Flight/Resources/images/icon-camera.png => /Users/pcapp/Repositories/Flight/build/iphone/build/Debug-iphonesimulator/Flight.app/images/icon-camera.png
[DEBUG]  Symlinking /Users/pcapp/Repositories/Flight/Resources/images/icon-camera@2x.png => /Users/pcapp/Repositories/Flight/build/iphone/build/Debug-iphonesimulator/Flight.app/images/icon-camera@2x.png
[DEBUG]  Symlinking /Users/pcapp/Repositories/Flight/Resources/images/icon-post.png => /Users/pcapp/Repositories/Flight/build/iphone/build/Debug-iphonesimulator/Flight.app/images/icon-post.png
[DEBUG]  Symlinking /Users/pcapp/Repositories/Flight/Resources/images/icon-post@2x.png => /Users/pcapp/Repositories/Flight/build/iphone/build/Debug-iphonesimulator/Flight.app/images/icon-post@2x.png
[DEBUG]  Symlinking /Users/pcapp/Repositories/Flight/Resources/images/icon-world.png => /Users/pcapp/Repositories/Flight/build/iphone/build/Debug-iphonesimulator/Flight.app/images/icon-world.png
[DEBUG]  Symlinking /Users/pcapp/Repositories/Flight/Resources/images/icon-world@2x.png => /Users/pcapp/Repositories/Flight/build/iphone/build/Debug-iphonesimulator/Flight.app/images/icon-world@2x.png
[DEBUG]  Symlinking /Users/pcapp/Repositories/Flight/Resources/images/launch/angle-arrow.png => /Users/pcapp/Repositories/Flight/build/iphone/build/Debug-iphonesimulator/Flight.app/images/launch/angle-arrow.png
[DEBUG]  Symlinking /Users/pcapp/Repositories/Flight/Resources/images/launch/angle-arrow@2x.png => /Users/pcapp/Repositories/Flight/build/iphone/build/Debug-iphonesimulator/Flight.app/images/launch/angle-arrow@2x.png
[DEBUG]  Symlinking /Users/pcapp/Repositories/Flight/Resources/images/launch/angle-chart.png => /Users/pcapp/Repositories/Flight/build/iphone/build/Debug-iphonesimulator/Flight.app/images/launch/angle-chart.png
[DEBUG]  Symlinking /Users/pcapp/Repositories/Flight/Resources/images/launch/angle-chart@2x.png => /Users/pcapp/Repositories/Flight/build/iphone/build/Debug-iphonesimulator/Flight.app/images/launch/angle-chart@2x.png
[DEBUG]  Symlinking /Users/pcapp/Repositories/Flight/Resources/images/launch/angle-text.png => /Users/pcapp/Repositories/Flight/build/iphone/build/Debug-iphonesimulator/Flight.app/images/launch/angle-text.png
[DEBUG]  Symlinking /Users/pcapp/Repositories/Flight/Resources/images/launch/angle-text@2x.png => /Users/pcapp/Repositories/Flight/build/iphone/build/Debug-iphonesimulator/Flight.app/images/launch/angle-text@2x.png
[DEBUG]  Symlinking /Users/pcapp/Repositories/Flight/Resources/images/launch/btn-angle.png => /Users/pcapp/Repositories/Flight/build/iphone/build/Debug-iphonesimulator/Flight.app/images/launch/btn-angle.png
[DEBUG]  Symlinking /Users/pcapp/Repositories/Flight/Resources/images/launch/btn-angle@2x.png => /Users/pcapp/Repositories/Flight/build/iphone/build/Debug-iphonesimulator/Flight.app/images/launch/btn-angle@2x.png
[DEBUG]  Symlinking /Users/pcapp/Repositories/Flight/Resources/images/launch/btn-attach-image.png => /Users/pcapp/Repositories/Flight/build/iphone/build/Debug-iphonesimulator/Flight.app/images/launch/btn-attach-image.png
[DEBUG]  Symlinking /Users/pcapp/Repositories/Flight/Resources/images/launch/btn-attach-image@2x.png => /Users/pcapp/Repositories/Flight/build/iphone/build/Debug-iphonesimulator/Flight.app/images/launch/btn-attach-image@2x.png
[DEBUG]  Symlinking /Users/pcapp/Repositories/Flight/Resources/images/launch/btn-heading.png => /Users/pcapp/Repositories/Flight/build/iphone/build/Debug-iphonesimulator/Flight.app/images/launch/btn-heading.png
[DEBUG]  Symlinking /Users/pcapp/Repositories/Flight/Resources/images/launch/btn-heading@2x.png => /Users/pcapp/Repositories/Flight/build/iphone/build/Debug-iphonesimulator/Flight.app/images/launch/btn-heading@2x.png
[DEBUG]  Symlinking /Users/pcapp/Repositories/Flight/Resources/images/launch/btn-set-angle-@2x.png => /Users/pcapp/Repositories/Flight/build/iphone/build/Debug-iphonesimulator/Flight.app/images/launch/btn-set-angle-@2x.png
[DEBUG]  Symlinking /Users/pcapp/Repositories/Flight/Resources/images/launch/btn-set-angle-over.png => /Users/pcapp/Repositories/Flight/build/iphone/build/Debug-iphonesimulator/Flight.app/images/launch/btn-set-angle-over.png
[DEBUG]  Symlinking /Users/pcapp/Repositories/Flight/Resources/images/launch/btn-set-angle-over@2x.png => /Users/pcapp/Repositories/Flight/build/iphone/build/Debug-iphonesimulator/Flight.app/images/launch/btn-set-angle-over@2x.png
[DEBUG]  Symlinking /Users/pcapp/Repositories/Flight/Resources/images/launch/btn-set-angle.png => /Users/pcapp/Repositories/Flight/build/iphone/build/Debug-iphonesimulator/Flight.app/images/launch/btn-set-angle.png
[DEBUG]  Symlinking /Users/pcapp/Repositories/Flight/Resources/images/launch/btn-set-angle@2x.png => /Users/pcapp/Repositories/Flight/build/iphone/build/Debug-iphonesimulator/Flight.app/images/launch/btn-set-angle@2x.png
[DEBUG]  Symlinking /Users/pcapp/Repositories/Flight/Resources/images/launch/btn-set-heading-over.png => /Users/pcapp/Repositories/Flight/build/iphone/build/Debug-iphonesimulator/Flight.app/images/launch/btn-set-heading-over.png
[DEBUG]  Symlinking /Users/pcapp/Repositories/Flight/Resources/images/launch/btn-set-heading-over@2x.png => /Users/pcapp/Repositories/Flight/build/iphone/build/Debug-iphonesimulator/Flight.app/images/launch/btn-set-heading-over@2x.png
[DEBUG]  Symlinking /Users/pcapp/Repositories/Flight/Resources/images/launch/btn-set-heading.png => /Users/pcapp/Repositories/Flight/build/iphone/build/Debug-iphonesimulator/Flight.app/images/launch/btn-set-heading.png
[DEBUG]  Symlinking /Users/pcapp/Repositories/Flight/Resources/images/launch/btn-set-heading@2x.png => /Users/pcapp/Repositories/Flight/build/iphone/build/Debug-iphonesimulator/Flight.app/images/launch/btn-set-heading@2x.png
[DEBUG]  Symlinking /Users/pcapp/Repositories/Flight/Resources/images/launch/btn-set-speed-over.png => /Users/pcapp/Repositories/Flight/build/iphone/build/Debug-iphonesimulator/Flight.app/images/launch/btn-set-speed-over.png
[DEBUG]  Symlinking /Users/pcapp/Repositories/Flight/Resources/images/launch/btn-set-speed-over@2x.png => /Users/pcapp/Repositories/Flight/build/iphone/build/Debug-iphonesimulator/Flight.app/images/launch/btn-set-speed-over@2x.png
[DEBUG]  Symlinking /Users/pcapp/Repositories/Flight/Resources/images/launch/btn-set-speed.png => /Users/pcapp/Repositories/Flight/build/iphone/build/Debug-iphonesimulator/Flight.app/images/launch/btn-set-speed.png
[DEBUG]  Symlinking /Users/pcapp/Repositories/Flight/Resources/images/launch/btn-set-speed@2x.png => /Users/pcapp/Repositories/Flight/build/iphone/build/Debug-iphonesimulator/Flight.app/images/launch/btn-set-speed@2x.png
[DEBUG]  Symlinking /Users/pcapp/Repositories/Flight/Resources/images/launch/btn-speed.png => /Users/pcapp/Repositories/Flight/build/iphone/build/Debug-iphonesimulator/Flight.app/images/launch/btn-speed.png
[DEBUG]  Symlinking /Users/pcapp/Repositories/Flight/Resources/images/launch/btn-speed@2x.png => /Users/pcapp/Repositories/Flight/build/iphone/build/Debug-iphonesimulator/Flight.app/images/launch/btn-speed@2x.png
[DEBUG]  Symlinking /Users/pcapp/Repositories/Flight/Resources/images/launch/launch-rocket-over.png => /Users/pcapp/Repositories/Flight/build/iphone/build/Debug-iphonesimulator/Flight.app/images/launch/launch-rocket-over.png
[DEBUG]  Symlinking /Users/pcapp/Repositories/Flight/Resources/images/launch/launch-rocket-over@2x.png => /Users/pcapp/Repositories/Flight/build/iphone/build/Debug-iphonesimulator/Flight.app/images/launch/launch-rocket-over@2x.png
[DEBUG]  Symlinking /Users/pcapp/Repositories/Flight/Resources/images/launch/launch-rocket.png => /Users/pcapp/Repositories/Flight/build/iphone/build/Debug-iphonesimulator/Flight.app/images/launch/launch-rocket.png
[DEBUG]  Symlinking /Users/pcapp/Repositories/Flight/Resources/images/launch/launch-rocket@2x.png => /Users/pcapp/Repositories/Flight/build/iphone/build/Debug-iphonesimulator/Flight.app/images/launch/launch-rocket@2x.png
[DEBUG]  Symlinking /Users/pcapp/Repositories/Flight/Resources/images/launch/page-bg.png => /Users/pcapp/Repositories/Flight/build/iphone/build/Debug-iphonesimulator/Flight.app/images/launch/page-bg.png
[DEBUG]  Symlinking /Users/pcapp/Repositories/Flight/Resources/images/launch/retrieve-info-bg.png => /Users/pcapp/Repositories/Flight/build/iphone/build/Debug-iphonesimulator/Flight.app/images/launch/retrieve-info-bg.png
[DEBUG]  Symlinking /Users/pcapp/Repositories/Flight/Resources/images/launch/retrieve-info-bg@2x.png => /Users/pcapp/Repositories/Flight/build/iphone/build/Debug-iphonesimulator/Flight.app/images/launch/retrieve-info-bg@2x.png
[DEBUG]  Symlinking /Users/pcapp/Repositories/Flight/Resources/images/launch/rocket-staging-bg.png => /Users/pcapp/Repositories/Flight/build/iphone/build/Debug-iphonesimulator/Flight.app/images/launch/rocket-staging-bg.png
[DEBUG]  Symlinking /Users/pcapp/Repositories/Flight/Resources/images/launch/speed-arrow.png => /Users/pcapp/Repositories/Flight/build/iphone/build/Debug-iphonesimulator/Flight.app/images/launch/speed-arrow.png
[DEBUG]  Symlinking /Users/pcapp/Repositories/Flight/Resources/images/launch/speed-arrow@2x.png => /Users/pcapp/Repositories/Flight/build/iphone/build/Debug-iphonesimulator/Flight.app/images/launch/speed-arrow@2x.png
[DEBUG]  Symlinking /Users/pcapp/Repositories/Flight/Resources/images/launch/speed-chart.png => /Users/pcapp/Repositories/Flight/build/iphone/build/Debug-iphonesimulator/Flight.app/images/launch/speed-chart.png
[DEBUG]  Symlinking /Users/pcapp/Repositories/Flight/Resources/images/launch/speed-chart@2x.png => /Users/pcapp/Repositories/Flight/build/iphone/build/Debug-iphonesimulator/Flight.app/images/launch/speed-chart@2x.png
[DEBUG]  Symlinking /Users/pcapp/Repositories/Flight/Resources/images/launch/speed-text.png => /Users/pcapp/Repositories/Flight/build/iphone/build/Debug-iphonesimulator/Flight.app/images/launch/speed-text.png
[DEBUG]  Symlinking /Users/pcapp/Repositories/Flight/Resources/images/launch/speed-text@2x.png => /Users/pcapp/Repositories/Flight/build/iphone/build/Debug-iphonesimulator/Flight.app/images/launch/speed-text@2x.png
[DEBUG]  Symlinking /Users/pcapp/Repositories/Flight/Resources/images/launch/text-launch-another-rocket.png => /Users/pcapp/Repositories/Flight/build/iphone/build/Debug-iphonesimulator/Flight.app/images/launch/text-launch-another-rocket.png
[DEBUG]  Symlinking /Users/pcapp/Repositories/Flight/Resources/images/launch/text-launch-another-rocket@2x.png => /Users/pcapp/Repositories/Flight/build/iphone/build/Debug-iphonesimulator/Flight.app/images/launch/text-launch-another-rocket@2x.png
[DEBUG]  Symlinking /Users/pcapp/Repositories/Flight/Resources/images/launch/text-tip.png => /Users/pcapp/Repositories/Flight/build/iphone/build/Debug-iphonesimulator/Flight.app/images/launch/text-tip.png
[DEBUG]  Symlinking /Users/pcapp/Repositories/Flight/Resources/images/launch/text-tip@2x.png => /Users/pcapp/Repositories/Flight/build/iphone/build/Debug-iphonesimulator/Flight.app/images/launch/text-tip@2x.png
[DEBUG]  Symlinking /Users/pcapp/Repositories/Flight/Resources/images/logo.png => /Users/pcapp/Repositories/Flight/build/iphone/build/Debug-iphonesimulator/Flight.app/images/logo.png
[DEBUG]  Symlinking /Users/pcapp/Repositories/Flight/Resources/images/logo@2x.png => /Users/pcapp/Repositories/Flight/build/iphone/build/Debug-iphonesimulator/Flight.app/images/logo@2x.png
[DEBUG]  Symlinking /Users/pcapp/Repositories/Flight/Resources/images/map-arrow.png => /Users/pcapp/Repositories/Flight/build/iphone/build/Debug-iphonesimulator/Flight.app/images/map-arrow.png
[DEBUG]  Symlinking /Users/pcapp/Repositories/Flight/Resources/images/map-arrow@2x.png => /Users/pcapp/Repositories/Flight/build/iphone/build/Debug-iphonesimulator/Flight.app/images/map-arrow@2x.png
[DEBUG]  Symlinking /Users/pcapp/Repositories/Flight/Resources/images/mask.png => /Users/pcapp/Repositories/Flight/build/iphone/build/Debug-iphonesimulator/Flight.app/images/mask.png
[DEBUG]  Symlinking /Users/pcapp/Repositories/Flight/Resources/images/mask@2x.png => /Users/pcapp/Repositories/Flight/build/iphone/build/Debug-iphonesimulator/Flight.app/images/mask@2x.png
[DEBUG]  Symlinking /Users/pcapp/Repositories/Flight/Resources/images/page-bg.png => /Users/pcapp/Repositories/Flight/build/iphone/build/Debug-iphonesimulator/Flight.app/images/page-bg.png
[DEBUG]  Symlinking /Users/pcapp/Repositories/Flight/Resources/images/page-bg@2x.png => /Users/pcapp/Repositories/Flight/build/iphone/build/Debug-iphonesimulator/Flight.app/images/page-bg@2x.png
[DEBUG]  Symlinking /Users/pcapp/Repositories/Flight/Resources/images/profile/generic.gif => /Users/pcapp/Repositories/Flight/build/iphone/build/Debug-iphonesimulator/Flight.app/images/profile/generic.gif
[DEBUG]  Symlinking /Users/pcapp/Repositories/Flight/Resources/images/profile/generic.png => /Users/pcapp/Repositories/Flight/build/iphone/build/Debug-iphonesimulator/Flight.app/images/profile/generic.png
[DEBUG]  Symlinking /Users/pcapp/Repositories/Flight/Resources/images/profile/generic@2x.gif => /Users/pcapp/Repositories/Flight/build/iphone/build/Debug-iphonesimulator/Flight.app/images/profile/generic@2x.gif
[DEBUG]  Symlinking /Users/pcapp/Repositories/Flight/Resources/images/profile/generic@2x.png => /Users/pcapp/Repositories/Flight/build/iphone/build/Debug-iphonesimulator/Flight.app/images/profile/generic@2x.png
[DEBUG]  Ignoring /Users/pcapp/Repositories/Flight/Resources/images/retrieve/.DS_Store
[DEBUG]  Symlinking /Users/pcapp/Repositories/Flight/Resources/images/retrieve/btn-pick-up-rocket-over.png => /Users/pcapp/Repositories/Flight/build/iphone/build/Debug-iphonesimulator/Flight.app/images/retrieve/btn-pick-up-rocket-over.png
[DEBUG]  Symlinking /Users/pcapp/Repositories/Flight/Resources/images/retrieve/btn-pick-up-rocket-over@2x.png => /Users/pcapp/Repositories/Flight/build/iphone/build/Debug-iphonesimulator/Flight.app/images/retrieve/btn-pick-up-rocket-over@2x.png
[DEBUG]  Symlinking /Users/pcapp/Repositories/Flight/Resources/images/retrieve/btn-pick-up-rocket.png => /Users/pcapp/Repositories/Flight/build/iphone/build/Debug-iphonesimulator/Flight.app/images/retrieve/btn-pick-up-rocket.png
[DEBUG]  Symlinking /Users/pcapp/Repositories/Flight/Resources/images/retrieve/btn-pick-up-rocket@2x.png => /Users/pcapp/Repositories/Flight/build/iphone/build/Debug-iphonesimulator/Flight.app/images/retrieve/btn-pick-up-rocket@2x.png
[DEBUG]  Symlinking /Users/pcapp/Repositories/Flight/Resources/images/retrieve/icon-rocket.png => /Users/pcapp/Repositories/Flight/build/iphone/build/Debug-iphonesimulator/Flight.app/images/retrieve/icon-rocket.png
[DEBUG]  Symlinking /Users/pcapp/Repositories/Flight/Resources/images/tab-bar-bg.png => /Users/pcapp/Repositories/Flight/build/iphone/build/Debug-iphonesimulator/Flight.app/images/tab-bar-bg.png
[DEBUG]  Symlinking /Users/pcapp/Repositories/Flight/Resources/images/tabs/tab-launch.png => /Users/pcapp/Repositories/Flight/build/iphone/build/Debug-iphonesimulator/Flight.app/images/tabs/tab-launch.png
[DEBUG]  Symlinking /Users/pcapp/Repositories/Flight/Resources/images/tabs/tab-profile.png => /Users/pcapp/Repositories/Flight/build/iphone/build/Debug-iphonesimulator/Flight.app/images/tabs/tab-profile.png
[DEBUG]  Symlinking /Users/pcapp/Repositories/Flight/Resources/images/tabs/tab-retrieve.png => /Users/pcapp/Repositories/Flight/build/iphone/build/Debug-iphonesimulator/Flight.app/images/tabs/tab-retrieve.png
[DEBUG]  Symlinking /Users/pcapp/Repositories/Flight/Resources/images/text-flight@2x.png => /Users/pcapp/Repositories/Flight/build/iphone/build/Debug-iphonesimulator/Flight.app/images/text-flight@2x.png
[DEBUG]  Symlinking /Users/pcapp/Repositories/Flight/Resources/images/white.png => /Users/pcapp/Repositories/Flight/build/iphone/build/Debug-iphonesimulator/Flight.app/images/white.png
[DEBUG]  Symlinking /Users/pcapp/Repositories/Flight/Resources/images/whiteArrow.png => /Users/pcapp/Repositories/Flight/build/iphone/build/Debug-iphonesimulator/Flight.app/images/whiteArrow.png
[DEBUG]  Symlinking /Users/pcapp/Repositories/Flight/Resources/images/whiteArrow@2x.png => /Users/pcapp/Repositories/Flight/build/iphone/build/Debug-iphonesimulator/Flight.app/images/whiteArrow@2x.png
[DEBUG]  Ignoring /Users/pcapp/Repositories/Flight/Resources/iphone
[DEBUG]  Ignoring /Users/pcapp/Repositories/Flight/Resources/js_includes/.DS_Store
[DEBUG]  Copying /Users/pcapp/Repositories/Flight/Resources/iphone/Default-568h@2x.png => /Users/pcapp/Repositories/Flight/build/iphone/build/Debug-iphonesimulator/Flight.app/Default-568h@2x.png
[DEBUG]  Copying /Users/pcapp/Repositories/Flight/Resources/iphone/Default-Landscape.png => /Users/pcapp/Repositories/Flight/build/iphone/build/Debug-iphonesimulator/Flight.app/Default-Landscape.png
[DEBUG]  Copying /Users/pcapp/Repositories/Flight/Resources/iphone/Default-Portrait.png => /Users/pcapp/Repositories/Flight/build/iphone/build/Debug-iphonesimulator/Flight.app/Default-Portrait.png
[DEBUG]  Copying /Users/pcapp/Repositories/Flight/Resources/iphone/Default.png => /Users/pcapp/Repositories/Flight/build/iphone/build/Debug-iphonesimulator/Flight.app/Default.png
[DEBUG]  Copying /Users/pcapp/Repositories/Flight/Resources/iphone/Default@2x.png => /Users/pcapp/Repositories/Flight/build/iphone/build/Debug-iphonesimulator/Flight.app/Default@2x.png
[INFO]   Processing JavaScript files
[DEBUG]  Symlinking /Users/pcapp/Repositories/Flight/Resources/app.js => /Users/pcapp/Repositories/Flight/build/iphone/build/Debug-iphonesimulator/Flight.app/app.js
[DEBUG]  Symlinking /Users/pcapp/Repositories/Flight/Resources/js_includes/geo.js => /Users/pcapp/Repositories/Flight/build/iphone/build/Debug-iphonesimulator/Flight.app/js_includes/geo.js
[DEBUG]  Symlinking /Users/pcapp/Repositories/Flight/Resources/js_includes/latlon.js => /Users/pcapp/Repositories/Flight/build/iphone/build/Debug-iphonesimulator/Flight.app/js_includes/latlon.js
[DEBUG]  Symlinking /Users/pcapp/Repositories/Flight/Resources/js_includes/overrideTabs.js => /Users/pcapp/Repositories/Flight/build/iphone/build/Debug-iphonesimulator/Flight.app/js_includes/overrideTabs.js
[DEBUG]  Symlinking /Users/pcapp/Repositories/Flight/Resources/main_windows/account.js => /Users/pcapp/Repositories/Flight/build/iphone/build/Debug-iphonesimulator/Flight.app/main_windows/account.js
[DEBUG]  Symlinking /Users/pcapp/Repositories/Flight/Resources/main_windows/landing.js => /Users/pcapp/Repositories/Flight/build/iphone/build/Debug-iphonesimulator/Flight.app/main_windows/landing.js
[DEBUG]  Symlinking /Users/pcapp/Repositories/Flight/Resources/main_windows/launch/_old/launch.js => /Users/pcapp/Repositories/Flight/build/iphone/build/Debug-iphonesimulator/Flight.app/main_windows/launch/_old/launch.js
[DEBUG]  Symlinking /Users/pcapp/Repositories/Flight/Resources/main_windows/launch/_old/step4-heading.js => /Users/pcapp/Repositories/Flight/build/iphone/build/Debug-iphonesimulator/Flight.app/main_windows/launch/_old/step4-heading.js
[DEBUG]  Symlinking /Users/pcapp/Repositories/Flight/Resources/main_windows/launch/_rocket-staging.js => /Users/pcapp/Repositories/Flight/build/iphone/build/Debug-iphonesimulator/Flight.app/main_windows/launch/_rocket-staging.js
[DEBUG]  Symlinking /Users/pcapp/Repositories/Flight/Resources/main_windows/launch/launch-home.js => /Users/pcapp/Repositories/Flight/build/iphone/build/Debug-iphonesimulator/Flight.app/main_windows/launch/launch-home.js
[DEBUG]  Symlinking /Users/pcapp/Repositories/Flight/Resources/main_windows/launch/rocket-landing.js => /Users/pcapp/Repositories/Flight/build/iphone/build/Debug-iphonesimulator/Flight.app/main_windows/launch/rocket-landing.js
[DEBUG]  Symlinking /Users/pcapp/Repositories/Flight/Resources/main_windows/launch/rocket-properties/angle.js => /Users/pcapp/Repositories/Flight/build/iphone/build/Debug-iphonesimulator/Flight.app/main_windows/launch/rocket-properties/angle.js
[DEBUG]  Symlinking /Users/pcapp/Repositories/Flight/Resources/main_windows/launch/rocket-properties/heading.js => /Users/pcapp/Repositories/Flight/build/iphone/build/Debug-iphonesimulator/Flight.app/main_windows/launch/rocket-properties/heading.js
[DEBUG]  Symlinking /Users/pcapp/Repositories/Flight/Resources/main_windows/launch/rocket-properties/speed.js => /Users/pcapp/Repositories/Flight/build/iphone/build/Debug-iphonesimulator/Flight.app/main_windows/launch/rocket-properties/speed.js
[DEBUG]  Symlinking /Users/pcapp/Repositories/Flight/Resources/main_windows/launch/rocket-staging.js => /Users/pcapp/Repositories/Flight/build/iphone/build/Debug-iphonesimulator/Flight.app/main_windows/launch/rocket-staging.js
[DEBUG]  Symlinking /Users/pcapp/Repositories/Flight/Resources/main_windows/login.js => /Users/pcapp/Repositories/Flight/build/iphone/build/Debug-iphonesimulator/Flight.app/main_windows/login.js
[DEBUG]  Symlinking /Users/pcapp/Repositories/Flight/Resources/main_windows/profile/_oldmain.js => /Users/pcapp/Repositories/Flight/build/iphone/build/Debug-iphonesimulator/Flight.app/main_windows/profile/_oldmain.js
[DEBUG]  Symlinking /Users/pcapp/Repositories/Flight/Resources/main_windows/profile/main.js => /Users/pcapp/Repositories/Flight/build/iphone/build/Debug-iphonesimulator/Flight.app/main_windows/profile/main.js
[DEBUG]  Symlinking /Users/pcapp/Repositories/Flight/Resources/main_windows/profile/rocket-info.js => /Users/pcapp/Repositories/Flight/build/iphone/build/Debug-iphonesimulator/Flight.app/main_windows/profile/rocket-info.js
[DEBUG]  Symlinking /Users/pcapp/Repositories/Flight/Resources/main_windows/profile/rocket-list-fired.js => /Users/pcapp/Repositories/Flight/build/iphone/build/Debug-iphonesimulator/Flight.app/main_windows/profile/rocket-list-fired.js
[DEBUG]  Symlinking /Users/pcapp/Repositories/Flight/Resources/main_windows/profile/rocket-list.js => /Users/pcapp/Repositories/Flight/build/iphone/build/Debug-iphonesimulator/Flight.app/main_windows/profile/rocket-list.js
[DEBUG]  Symlinking /Users/pcapp/Repositories/Flight/Resources/main_windows/profile/user-rockets.js => /Users/pcapp/Repositories/Flight/build/iphone/build/Debug-iphonesimulator/Flight.app/main_windows/profile/user-rockets.js
[DEBUG]  Symlinking /Users/pcapp/Repositories/Flight/Resources/main_windows/retrieve/map-view.js => /Users/pcapp/Repositories/Flight/build/iphone/build/Debug-iphonesimulator/Flight.app/main_windows/retrieve/map-view.js
[DEBUG]  Symlinking /Users/pcapp/Repositories/Flight/Resources/main_windows/retrieve/retrieve-from-list.js => /Users/pcapp/Repositories/Flight/build/iphone/build/Debug-iphonesimulator/Flight.app/main_windows/retrieve/retrieve-from-list.js
[DEBUG]  Symlinking /Users/pcapp/Repositories/Flight/Resources/main_windows/retrieve/retrieve.js => /Users/pcapp/Repositories/Flight/build/iphone/build/Debug-iphonesimulator/Flight.app/main_windows/retrieve/retrieve.js
[DEBUG]  Symlinking /Users/pcapp/Repositories/Flight/Resources/main_windows/retrieve/rocket-info.js => /Users/pcapp/Repositories/Flight/build/iphone/build/Debug-iphonesimulator/Flight.app/main_windows/retrieve/rocket-info.js
[DEBUG]  Symlinking /Users/pcapp/Repositories/Flight/Resources/stayLoggedIn.app.js => /Users/pcapp/Repositories/Flight/build/iphone/build/Debug-iphonesimulator/Flight.app/stayLoggedIn.app.js
[INFO]   Processing Titanium namespace resources
[DEBUG]  Copying /Users/pcapp/Library/Application Support/Titanium/mobilesdk/osx/4.1.0.GA/iphone/modules/ui/images => /Users/pcapp/Repositories/Flight/build/iphone/build/Debug-iphonesimulator/Flight.app/modules/ui/images
[INFO]   Skipping xcodebuild
[INFO]   Finished building the application in 519ms
[INFO]   Launching iOS Simulator
[DEBUG]  [ioslib] Removing old log file: /Users/pcapp/Library/Developer/CoreSimulator/Devices/BAC3C37D-77FA-4839-AEC0-9B7314247D84/data/Containers/Data/Application/CD158973-9FB0-4F74-9358-1711299431A1/Documents/03321720-2153-4509-9333-90108fd94d5b.log
[DEBUG]  [ioslib] Executing: /Users/pcapp/Library/Application Support/Titanium/mobilesdk/osx/4.1.0.GA/node_modules/ioslib/lib/ios-sim "launch" "/Users/pcapp/Repositories/Flight/build/iphone/build/Debug-iphonesimulator/Flight.app" "--verbose" "--xcode-dir" "/Applications/Xcode.app/Contents/Developer" "--udid" "BAC3C37D-77FA-4839-AEC0-9B7314247D84" "--timeout" "180"
[DEBUG]  [ioslib] Executing: osascript "/Users/pcapp/Library/Application Support/Titanium/mobilesdk/osx/4.1.0.GA/node_modules/ioslib/lib/iphone_sim_activate.scpt" "/Applications/Xcode.app/Contents/Developer/Applications/iOS Simulator.app"
[DEBUG]  [ioslib] [ios-sim] [DEBUG] App Spec: <DTiPhoneSimulatorApplicationSpecifier 0x7faa4d154050> specified by app path /Users/pcapp/Repositories/Flight/build/iphone/build/Debug-iphonesimulator/Flight.app
[DEBUG]  [ioslib] [ios-sim] [DEBUG] SDK Root: <DTiPhoneSimulatorSystemRoot 0x7faa4b7205a0> path=/Applications/Xcode.app/Contents/Developer/Platforms/iPhoneSimulator.platform/Developer/SDKs/iPhoneSimulator.sdk
[DEBUG]  [ioslib] [ios-sim] [DEBUG] Creating named pipe at `/var/folders/t0/7dn9bbrn3q7bbhtlr2q4vdfx80xpn5/T//ios-sim-stderr-pipe-1437084623'
[DEBUG]  [ioslib] [ios-sim] [DEBUG] Creating named pipe at `/var/folders/t0/7dn9bbrn3q7bbhtlr2q4vdfx80xpn5/T//ios-sim-stdout-pipe-1437084623'
[DEBUG]  [ioslib] [ios-sim] [DEBUG] using device family iphone
[DEBUG]  [ioslib] [ios-sim] [DEBUG] Comparing BE8A9D44-3D2B-4BD5-B03E-B9031A254FBB == BAC3C37D-77FA-4839-AEC0-9B7314247D84
[DEBUG]  [ioslib] [ios-sim] [DEBUG] Comparing BAC3C37D-77FA-4839-AEC0-9B7314247D84 == BAC3C37D-77FA-4839-AEC0-9B7314247D84
[DEBUG]  [ioslib] [ios-sim] [DEBUG] set device to : iPhone 5
[DEBUG]  [ioslib] [ios-sim] [DEBUG] Session started
[DEBUG]  [ioslib] Found application log file: /Users/pcapp/Library/Developer/CoreSimulator/Devices/BAC3C37D-77FA-4839-AEC0-9B7314247D84/data/Containers/Data/Application/6573194E-8EAF-4764-BC08-813E014CAB3B/Documents/03321720-2153-4509-9333-90108fd94d5b.log
[INFO]   Project built successfully in 4s 936ms
